<?xml version="1.0" encoding="UTF-8"?>
<testng-results ignored="0" total="1" passed="1" failed="0" skipped="0">
  <reporter-output>
  </reporter-output>
  <suite started-at="2024-06-19T14:35:27 IST" name="Default suite" finished-at="2024-06-19T14:35:51 IST" duration-ms="23858">
    <groups>
    </groups>
    <test started-at="2024-06-19T14:35:27 IST" name="Default test" finished-at="2024-06-19T14:35:51 IST" duration-ms="23858">
      <class name="createContacts.createContactPOM">
        <test-method is-config="true" signature="BeforTest()[pri:0, instance:createContacts.createContactPOM@73e9cf30]" started-at="2024-06-19T14:35:27 IST" name="BeforTest" finished-at="2024-06-19T14:35:37 IST" duration-ms="9983" status="PASS">
          <reporter-output>
          </reporter-output>
        </test-method> <!-- BeforTest -->
        <test-method signature="createContact()[pri:0, instance:createContacts.createContactPOM@73e9cf30]" started-at="2024-06-19T14:35:37 IST" name="createContact" finished-at="2024-06-19T14:35:49 IST" duration-ms="11605" status="PASS">
          <reporter-output>
          </reporter-output>
        </test-method> <!-- createContact -->
        <test-method is-config="true" signature="afterTest()[pri:0, instance:createContacts.createContactPOM@73e9cf30]" started-at="2024-06-19T14:35:49 IST" name="afterTest" finished-at="2024-06-19T14:35:51 IST" duration-ms="2200" status="PASS">
          <reporter-output>
          </reporter-output>
        </test-method> <!-- afterTest -->
      </class> <!-- createContacts.createContactPOM -->
    </test> <!-- Default test -->
  </suite> <!-- Default suite -->
</testng-results>
